[2026-06-10 09:20:02] Starting AI consulting content workspace watcher on http://127.0.0.1:8010
[2026-06-10 09:20:02] Project root: D:\ai_project\ai_marketing
[2026-06-10 09:20:02] Press Ctrl+C to stop. Logs: D:\ai_project\ai_marketing\logs\web-watch.log
[2026-06-10 09:20:02] Launching web workspace process
[2026-06-10 11:17:58] Web workspace exited with code -1
[2026-06-10 11:17:58] Restarting in 3 seconds
[2026-06-10 11:18:01] Launching web workspace process
[2026-06-10 14:39:25] Web workspace exited with code -1
[2026-06-10 14:39:25] Restarting in 3 seconds
[2026-06-10 14:39:28] Launching web workspace process
[2026-06-10 15:13:24] Web workspace exited with code -1
[2026-06-10 15:13:24] Restarting in 3 seconds
[2026-06-10 15:13:27] Launching web workspace process
[2026-06-10 15:25:48] Starting AI consulting content workspace watcher on http://127.0.0.1:8010
[2026-06-10 15:25:48] Project root: D:\ai_project\ai_marketing
[2026-06-10 15:25:48] Press Ctrl+C to stop. Logs: D:\ai_project\ai_marketing\logs\web-watch.log
[2026-06-10 15:25:48] Launching web workspace process
[2026-06-10 15:30:58] Web workspace exited with code -1
[2026-06-10 15:30:58] Restarting in 3 seconds
[2026-06-10 15:31:01] Launching web workspace process
[2026-06-10 17:03:38] Starting AI consulting content workspace watcher on http://127.0.0.1:8010
[2026-06-10 17:03:38] Project root: D:\ai_project\ai_marketing
[2026-06-10 17:03:38] Press Ctrl+C to stop. Logs: D:\ai_project\ai_marketing\logs\web-watch.log
[2026-06-10 17:03:38] Launching web workspace process
[2026-06-11 09:29:22] Starting AI consulting content workspace watcher on http://127.0.0.1:8010
[2026-06-11 09:29:22] Project root: D:\ai_project\ai_marketing
[2026-06-11 09:29:22] Press Ctrl+C to stop. Logs: D:\ai_project\ai_marketing\logs\web-watch.log
[2026-06-11 09:29:22] Launching web workspace process
